{"timestamp": "2025-10-27T20:05:11.300058+00:00", "level": "WARNING", "logger": "backend.src.services.camera_stream_service", "message": "OpenCV unavailable; camera service using simulation mode", "module": "camera_stream_service", "function": "<module>", "line": 38, "correlation_id": "anonymous", "extra_library": "opencv", "extra_error": "No module named 'cv2'"}
{"timestamp": "2025-10-27T20:05:11.300652+00:00", "level": "WARNING", "logger": "backend.src.services.camera_stream_service", "message": "PiCamera2 unavailable; falling back to OpenCV or simulation", "module": "camera_stream_service", "function": "<module>", "line": 54, "correlation_id": "anonymous", "extra_library": "picamera2", "extra_error": "No module named 'picamera2'"}
{"timestamp": "2025-10-27T20:05:14.485215+00:00", "level": "INFO", "logger": "backend.src.core.secrets_manager", "message": "secrets.get key=JWT_SECRET source=file purpose=validate corr=anonymous", "module": "secrets_manager", "function": "_audit", "line": 131, "correlation_id": "anonymous"}
INFO:     Started server process [74207]
INFO:     Waiting for application startup.
{"timestamp": "2025-10-27T20:05:14.669863+00:00", "level": "INFO", "logger": "backend.src.main", "message": "ToF XSHUT pair addressing skipped (left_gpio=22 right_gpio=23 right_addr=0x30)", "module": "main", "function": "lifespan", "line": 67, "correlation_id": "anonymous"}
{"timestamp": "2025-10-27T20:05:14.670575+00:00", "level": "INFO", "logger": "observability.events", "message": "Safety limits validation passed", "module": "observability", "function": "record_event", "line": 569, "correlation_id": "anonymous", "extra_event_type": "safety", "extra_origin": "safety.validation", "extra_remediation": null, "extra_metadata": {"problems": [], "limits": {"estop_latency_ms": 100, "tilt_threshold_degrees": 30.0, "tilt_cutoff_latency_ms": 200, "battery_low_voltage": 10.0, "battery_critical_voltage": 9.5, "motor_current_max_amps": 5.0, "watchdog_timeout_ms": 1000, "geofence_buffer_meters": 0.5, "high_temperature_celsius": 80.0, "tof_obstacle_distance_meters": 0.2}}}
{"timestamp": "2025-10-27T20:05:14.671028+00:00", "level": "INFO", "logger": "system.health", "message": "System health check", "module": "observability", "function": "log_system_health", "line": 487, "correlation_id": "anonymous", "extra_component": "safety_limits", "extra_status": "healthy", "extra_details": {"detail": "ok", "limits": {"estop_latency_ms": 100, "tilt_threshold_degrees": 30.0, "tilt_cutoff_latency_ms": 200, "battery_low_voltage": 10.0, "battery_critical_voltage": 9.5, "motor_current_max_amps": 5.0, "watchdog_timeout_ms": 1000, "geofence_buffer_meters": 0.5, "high_temperature_celsius": 80.0, "tof_obstacle_distance_meters": 0.2}}}
{"timestamp": "2025-10-27T20:05:14.671272+00:00", "level": "INFO", "logger": "observability.events", "message": "safety_limits status: healthy", "module": "observability", "function": "record_event", "line": 569, "correlation_id": "anonymous", "extra_event_type": "health", "extra_origin": "safety_limits", "extra_remediation": null, "extra_metadata": {"detail": "ok", "limits": {"estop_latency_ms": 100, "tilt_threshold_degrees": 30.0, "tilt_cutoff_latency_ms": 200, "battery_low_voltage": 10.0, "battery_critical_voltage": 9.5, "motor_current_max_amps": 5.0, "watchdog_timeout_ms": 1000, "geofence_buffer_meters": 0.5, "high_temperature_celsius": 80.0, "tof_obstacle_distance_meters": 0.2}}}
{"timestamp": "2025-10-27T20:05:14.679536+00:00", "level": "INFO", "logger": "backend.src.services.robohat_service", "message": "Initializing RoboHAT service on /dev/ttyACM0 at 115200 baud", "module": "robohat_service", "function": "initialize", "line": 101, "correlation_id": "anonymous"}
{"timestamp": "2025-10-27T20:05:14.679938+00:00", "level": "ERROR", "logger": "backend.src.services.robohat_service", "message": "Failed to initialize RoboHAT service: [Errno 2] could not open port /dev/ttyACM0: [Errno 2] No such file or directory: '/dev/ttyACM0'", "module": "robohat_service", "function": "initialize", "line": 131, "correlation_id": "anonymous"}
{"timestamp": "2025-10-27T20:05:14.680228+00:00", "level": "WARNING", "logger": "backend.src.services.robohat_service", "message": "RoboHAT initialization failed on /dev/ttyACM0: [Errno 2] could not open port /dev/ttyACM0: [Errno 2] No such file or directory: '/dev/ttyACM0'", "module": "robohat_service", "function": "initialize_robohat_service", "line": 694, "correlation_id": "anonymous"}
{"timestamp": "2025-10-27T20:05:14.680384+00:00", "level": "ERROR", "logger": "backend.src.services.robohat_service", "message": "Unable to initialize RoboHAT service; attempted ports: /dev/ttyACM0", "module": "robohat_service", "function": "initialize_robohat_service", "line": 702, "correlation_id": "anonymous"}
{"timestamp": "2025-10-27T20:05:14.680540+00:00", "level": "INFO", "logger": "backend.src.services.camera_stream_service", "message": "Initializing camera service (SIM_MODE=False)", "module": "camera_stream_service", "function": "initialize", "line": 103, "correlation_id": "anonymous"}
{"timestamp": "2025-10-27T20:05:14.680927+00:00", "level": "WARNING", "logger": "backend.src.services.camera_stream_service", "message": "No camera libraries available", "module": "camera_stream_service", "function": "_initialize_camera", "line": 243, "correlation_id": "anonymous"}
{"timestamp": "2025-10-27T20:05:14.681125+00:00", "level": "WARNING", "logger": "backend.src.services.camera_stream_service", "message": "Camera initialization failed; enabling simulation fallback", "module": "camera_stream_service", "function": "initialize", "line": 110, "correlation_id": "anonymous"}
{"timestamp": "2025-10-27T20:05:14.681980+00:00", "level": "INFO", "logger": "backend.src.services.camera_stream_service", "message": "IPC server listening on /tmp/lawnberry-camera.sock", "module": "camera_stream_service", "function": "_setup_ipc_server", "line": 268, "correlation_id": "anonymous"}
{"timestamp": "2025-10-27T20:05:14.682226+00:00", "level": "INFO", "logger": "backend.src.services.camera_stream_service", "message": "Camera service initialized successfully", "module": "camera_stream_service", "function": "initialize", "line": 121, "correlation_id": "anonymous"}
{"timestamp": "2025-10-27T20:05:14.682375+00:00", "level": "INFO", "logger": "backend.src.services.camera_stream_service", "message": "Starting camera streaming...", "module": "camera_stream_service", "function": "start_streaming", "line": 378, "correlation_id": "anonymous"}
{"timestamp": "2025-10-27T20:05:14.683487+00:00", "level": "INFO", "logger": "backend.src.services.camera_stream_service", "message": "Camera capture thread started", "module": "camera_stream_service", "function": "_capture_frames_thread", "line": 428, "correlation_id": "anonymous"}
{"timestamp": "2025-10-27T20:05:14.684435+00:00", "level": "INFO", "logger": "backend.src.services.camera_stream_service", "message": "Camera streaming started successfully", "module": "camera_stream_service", "function": "start_streaming", "line": 403, "correlation_id": "anonymous"}
{"timestamp": "2025-10-27T20:05:14.685304+00:00", "level": "INFO", "logger": "backend.src.services.camera_stream_service", "message": "Frame processing task started", "module": "camera_stream_service", "function": "_process_frames", "line": 750, "correlation_id": "anonymous"}
{"timestamp": "2025-10-27T20:05:14.686095+00:00", "level": "INFO", "logger": "backend.src.api.rest", "message": "Initializing SensorManager with GPS mode f9p_usb (NTRIP enabled)", "module": "rest", "function": "_ensure_sensor_manager", "line": 117, "correlation_id": "anonymous"}
{"timestamp": "2025-10-27T20:05:14.714607+00:00", "level": "INFO", "logger": "backend.src.services.sensor_manager", "message": "Initializing sensor manager", "module": "sensor_manager", "function": "initialize", "line": 669, "correlation_id": "anonymous"}
INFO:     Application startup complete.
ERROR:    [Errno 98] error while attempting to bind on address ('0.0.0.0', 8000): address already in use
INFO:     Waiting for application shutdown.
{"timestamp": "2025-10-27T20:05:14.749313+00:00", "level": "INFO", "logger": "backend.src.services.camera_stream_service", "message": "Shutting down camera service...", "module": "camera_stream_service", "function": "shutdown", "line": 976, "correlation_id": "anonymous"}
{"timestamp": "2025-10-27T20:05:14.749956+00:00", "level": "INFO", "logger": "backend.src.services.camera_stream_service", "message": "Stopping camera streaming...", "module": "camera_stream_service", "function": "stop_streaming", "line": 414, "correlation_id": "anonymous"}
{"timestamp": "2025-10-27T20:05:15.827713+00:00", "level": "WARNING", "logger": "backend.src.services.camera_stream_service", "message": "Frame enqueue stalled; dropping frame to keep stream responsive", "module": "camera_stream_service", "function": "_schedule_frame_enqueue", "line": 498, "correlation_id": "anonymous"}
{"timestamp": "2025-10-27T20:05:15.828121+00:00", "level": "INFO", "logger": "backend.src.services.camera_stream_service", "message": "Camera capture thread stopped", "module": "camera_stream_service", "function": "_capture_frames_thread", "line": 476, "correlation_id": "anonymous"}
{"timestamp": "2025-10-27T20:05:15.828481+00:00", "level": "INFO", "logger": "backend.src.services.camera_stream_service", "message": "Camera streaming stopped", "module": "camera_stream_service", "function": "stop_streaming", "line": 424, "correlation_id": "anonymous"}
{"timestamp": "2025-10-27T20:05:15.828971+00:00", "level": "INFO", "logger": "backend.src.services.camera_stream_service", "message": "Camera service shutdown complete", "module": "camera_stream_service", "function": "shutdown", "line": 1006, "correlation_id": "anonymous"}
{"timestamp": "2025-10-27T20:05:15.829199+00:00", "level": "INFO", "logger": "backend.src.services.robohat_service", "message": "Shutting down RoboHAT service", "module": "robohat_service", "function": "shutdown", "line": 486, "correlation_id": "anonymous"}
{"timestamp": "2025-10-27T20:05:15.829343+00:00", "level": "INFO", "logger": "backend.src.services.robohat_service", "message": "RoboHAT service shutdown complete", "module": "robohat_service", "function": "shutdown", "line": 517, "correlation_id": "anonymous"}
INFO:     Application shutdown complete.
